<?xml version="1.0" encoding="UTF-8"?>
<!-- Generated by org.testng.reporters.JUnitReportReporter -->
<testsuite skipped="0" hostname="DESKTOP-7JODV9Q" name="Soap.testRunner" tests="1" failures="0" timestamp="2019-12-24T16:50:32 AMT" time="1.302" errors="0">
  <testcase name="SoapTest" time="1.302" classname="Soap.testRunner"/>
</testsuite> <!-- Soap.testRunner -->
