<?xml version="1.0" encoding="UTF-8"?>
<!-- Generated by org.testng.reporters.JUnitReportReporter -->
<testsuite skipped="0" hostname="DESKTOP-7JODV9Q" name="Soap.testRunner2" tests="1" failures="0" timestamp="2019-12-24T16:50:32 AMT" time="0.330" errors="0">
  <testcase name="singleTest" time="0.330" classname="Soap.testRunner2"/>
</testsuite> <!-- Soap.testRunner2 -->
