<?xml version="1.0" encoding="UTF-8"?>
<!-- Generated by org.testng.reporters.JUnitReportReporter -->
<testsuite skipped="0" hostname="DESKTOP-7JODV9Q" name="Rest.restRunner" tests="1" failures="0" timestamp="2019-12-24T16:50:32 AMT" time="2.906" errors="0">
  <testcase name="RestTest" time="2.906" classname="Rest.restRunner"/>
</testsuite> <!-- Rest.restRunner -->
