<?xml version="1.0" encoding="UTF-8"?>
<!-- Generated by org.testng.reporters.JUnitReportReporter -->
<testsuite skipped="0" hostname="DESKTOP-7JODV9Q" name="Rest.restRunner2" tests="1" failures="0" timestamp="2019-12-24T16:50:32 AMT" time="1.254" errors="0">
  <testcase name="RestTest2" time="1.254" classname="Rest.restRunner2"/>
</testsuite> <!-- Rest.restRunner2 -->
